npm ERR! code ERESOLVE
npm ERR! ERESOLVE could not resolve
npm ERR!
npm ERR! While resolving: tx-design-ui@1.0.0
npm ERR! Found: typescript@3.9.10
npm ERR! node_modules/typescript
npm ERR!   typescript@"^3.8.3" from microbundle-crl@0.13.11
npm ERR!   node_modules/microbundle-crl
npm ERR!     dev microbundle-crl@"^0.13.10" from the root project
npm ERR!   peerOptional typescript@"^3.2.1" from react-scripts@3.4.4
npm ERR!   node_modules/react-scripts
npm ERR!     dev react-scripts@"^3.4.1" from the root project
npm ERR!   2 more (rollup-plugin-typescript2, tsutils)
npm ERR!
npm ERR! Could not resolve dependency:
npm ERR! dev @storybook/react@"^8.3.3" from the root project
npm ERR!
npm ERR! Conflicting peer dependency: typescript@5.6.2
npm ERR! node_modules/typescript
npm ERR!   peerOptional typescript@">= 4.2.x" from @storybook/react@8.3.3
npm ERR!   node_modules/@storybook/react
npm ERR!     dev @storybook/react@"^8.3.3" from the root project
npm ERR!
npm ERR! Fix the upstream dependency conflict, or retry
npm ERR! this command with --force or --legacy-peer-deps
npm ERR! to accept an incorrect (and potentially broken) dependency resolution.
npm ERR!
npm ERR!
npm ERR! For a full report see:
npm ERR! /Users/admin/.npm/_logs/2024-09-28T09_27_20_893Z-eresolve-report.txt

npm ERR! A complete log of this run can be found in:
npm ERR!     /Users/admin/.npm/_logs/2024-09-28T09_27_20_893Z-debug-0.log
